\BOOKMARK [0][-]{chapter.1}{Introduction}{}% 1
\BOOKMARK [1][-]{section.1.1}{Motivation}{chapter.1}% 2
\BOOKMARK [1][-]{section.1.2}{Literature Review}{chapter.1}% 3
\BOOKMARK [0][-]{chapter.2}{Thermodynamic Model and Problem Statement}{}% 4
\BOOKMARK [1][-]{section.2.1}{Process Description}{chapter.2}% 5
\BOOKMARK [1][-]{section.2.2}{Simulation Model Description}{chapter.2}% 6
\BOOKMARK [1][-]{section.2.3}{Problem Statement}{chapter.2}% 7
\BOOKMARK [0][-]{chapter.3}{Control Theoretic Model and Problem Statement}{}% 8
\BOOKMARK [1][-]{section.3.1}{Basics of Control Theory}{chapter.3}% 9
\BOOKMARK [1][-]{section.3.2}{Feedback Control in Presence of Uncertain Signals}{chapter.3}% 10
\BOOKMARK [1][-]{section.3.3}{Robustness and Stability of Feedback Control Systems}{chapter.3}% 11
\BOOKMARK [1][-]{section.3.4}{System Identification of Dynamical Processes}{chapter.3}% 12
\BOOKMARK [1][-]{section.3.5}{Controller Design}{chapter.3}% 13
\BOOKMARK [1][-]{section.3.6}{Controller Design for Simple Process Models}{chapter.3}% 14
\BOOKMARK [1][-]{section.3.7}{Decoupling of Transfer Function Matrices}{chapter.3}% 15
\BOOKMARK [0][-]{chapter.4}{Control of Common Examples}{}% 16
\BOOKMARK [1][-]{section.4.1}{Decoupling of FOTD Process Models}{chapter.4}% 17
\BOOKMARK [0][-]{chapter*.9}{Bibliography}{}% 18
\BOOKMARK [0][-]{chapter*.10}{Anhang}{}% 19
\BOOKMARK [1][-]{section.A.1}{Erster Anhang}{chapter*.10}% 20
\BOOKMARK [1][-]{section.A.2}{Zweiter Anhang}{chapter*.10}% 21
