This is pdfTeX, Version 3.14159265-2.6-1.40.18 (MiKTeX 2.9.6300 64-bit) (preloaded format=pdflatex 2017.5.17)  21 JUL 2017 09:26
entering extended mode
**C:/Users/juliu/Documents/Thesis/Latex/studentischeArbeiten.tex
(C:/Users/juliu/Documents/Thesis/Latex/studentischeArbeiten.tex
LaTeX2e <2017-04-15>
Babel <3.9r> and hyphenation patterns for 75 language(s) loaded.
(C:\Latex\TUBS\tex/latex\tubs\tubsbook.cls
("C:\Latex\MiKTeX 2.9\tex\latex\base\ifthen.sty"
Package: ifthen 2014/09/29 v1.1c Standard LaTeX ifthen package (DPC)
)
("C:\Latex\MiKTeX 2.9\tex\latex\koma-script\scrlfile.sty"
Package: scrlfile 2017/04/13 v3.23 KOMA-Script package (loading files)

Package scrlfile, 2017/04/13 v3.23 KOMA-Script package (loading files)
                  Copyright (C) Markus Kohm

) ("C:\Latex\MiKTeX 2.9\tex\latex\etoolbox\etoolbox.sty"
Package: etoolbox 2017/01/02 v2.4 e-TeX tools for LaTeX (JAW)
\etb@tempcnta=\count79
)
Document Class: tubsbook 2015/04/20 v1.1.0-r1313 tubslatex document class (scrb
ook)
("C:\Latex\MiKTeX 2.9\tex\latex\xkeyval\xkeyval.sty"
Package: xkeyval 2014/12/03 v2.7a package option processing (HA)

("C:\Latex\MiKTeX 2.9\tex\generic\xkeyval\xkeyval.tex"
("C:\Latex\MiKTeX 2.9\tex\generic\xkeyval\xkvutils.tex"
\XKV@toks=\toks14
\XKV@tempa@toks=\toks15

("C:\Latex\MiKTeX 2.9\tex\generic\xkeyval\keyval.tex"))
\XKV@depth=\count80
File: xkeyval.tex 2014/12/03 v2.7a key=value parser (HA)
))
("C:\Latex\MiKTeX 2.9\tex\latex\koma-script\scrbook.cls"
Document Class: scrbook 2017/04/13 v3.23 KOMA-Script document class (book)
("C:\Latex\MiKTeX 2.9\tex\latex\koma-script\scrkbase.sty"
Package: scrkbase 2017/04/13 v3.23 KOMA-Script package (KOMA-Script-dependent b
asics and keyval usage)

("C:\Latex\MiKTeX 2.9\tex\latex\koma-script\scrbase.sty"
Package: scrbase 2017/04/13 v3.23 KOMA-Script package (KOMA-Script-independent 
basics and keyval usage)
))
("C:\Latex\MiKTeX 2.9\tex\latex\koma-script\tocbasic.sty"
Package: tocbasic 2017/04/13 v3.23 KOMA-Script package (handling toc-files)
\scr@dte@tocline@numberwidth=\skip41
\scr@dte@tocline@numbox=\box26
)
Package tocbasic Info: omitting babel extension for `toc'
(tocbasic)             because of feature `nobabel' available
(tocbasic)             for `toc' on input line 133.
Package tocbasic Info: omitting babel extension for `lof'
(tocbasic)             because of feature `nobabel' available
(tocbasic)             for `lof' on input line 135.
Package tocbasic Info: omitting babel extension for `lot'
(tocbasic)             because of feature `nobabel' available
(tocbasic)             for `lot' on input line 136.
Package tocbasic Info: defining new hook before heading of `' on input line 160
8.
Package scrbook Info: You've used standard option `11pt'.
(scrbook)             This is correct!
(scrbook)             Internally I'm using `fontsize=11pt'.
(scrbook)             If you'd like to set the option with \KOMAoptions,
(scrbook)             you'd have to use `fontsize=11pt' there
(scrbook)             instead of `11pt', too.
Class scrbook Info: File `tubsa411pt.clo' used to setup font sizes on input lin
e 2275.

(C:\Latex\TUBS\tex/latex\tubs\tubsa411pt.clo)
("C:\Latex\MiKTeX 2.9\tex\latex\koma-script\typearea.sty"
Package: typearea 2017/04/13 v3.23 KOMA-Script package (type area)
\ta@bcor=\skip42
\ta@div=\count81
\ta@hblk=\skip43
\ta@vblk=\skip44
\ta@temp=\skip45
\footheight=\skip46

DIV calculation for typearea with good linewidth.
Package typearea Info: These are the values describing the layout:
(typearea)             DIV  = 8
(typearea)             BCOR = 0.0pt
(typearea)             \paperwidth      = 597.50793pt
(typearea)              \textwidth      = 373.44246pt
(typearea)              DIV departure   = 0%
(typearea)              \evensidemargin = 39.76274pt
(typearea)              \oddsidemargin  = 39.76274pt
(typearea)             \paperheight     = 845.04694pt
(typearea)              \textheight     = 534.5998pt
(typearea)              \topmargin      = -8.9891pt
(typearea)              \headheight     = 19.24998pt
(typearea)              \headsep        = 23.09999pt
(typearea)              \topskip        = 11.0pt
(typearea)              \footskip       = 53.89996pt
(typearea)              \baselineskip   = 15.4pt
(typearea)              on input line 1647.
)
\c@part=\count82
\c@chapter=\count83
\c@section=\count84
\c@subsection=\count85
\c@subsubsection=\count86
\c@paragraph=\count87
\c@subparagraph=\count88
\scr@dte@part@maxnumwidth=\skip47
\scr@dte@chapter@maxnumwidth=\skip48
\scr@dte@section@maxnumwidth=\skip49
\scr@dte@subsection@maxnumwidth=\skip50
\scr@dte@subsubsection@maxnumwidth=\skip51
\scr@dte@paragraph@maxnumwidth=\skip52
\scr@dte@subparagraph@maxnumwidth=\skip53
LaTeX Info: Redefining \textsubscript on input line 4843.
\abovecaptionskip=\skip54
\belowcaptionskip=\skip55
\c@pti@nb@sid@b@x=\box27
\c@figure=\count89
\c@table=\count90
Class scrbook Info: Redefining `\numberline' on input line 6000.
\bibindent=\dimen102
) (C:\Latex\TUBS\tex/latex\tubs\tubscolors.sty
Package: tubscolors 2015/04/20 v1.1.0-r1313 tubslatex, file v0.6 Farbschema der
 TU-Braunschweig

("C:\Latex\MiKTeX 2.9\tex\latex\xcolor\xcolor.sty"
Package: xcolor 2016/05/11 v2.12 LaTeX color extensions (UK)

("C:\Latex\MiKTeX 2.9\tex\latex\graphics-cfg\color.cfg"
File: color.cfg 2016/01/02 v1.6 sample color configuration
)
Package xcolor Info: Driver file: pdftex.def on input line 225.

("C:\Latex\MiKTeX 2.9\tex\latex\graphics-def\pdftex.def"
File: pdftex.def 2017/01/12 v0.06k Graphics/color for pdfTeX

("C:\Latex\MiKTeX 2.9\tex\generic\oberdiek\infwarerr.sty"
Package: infwarerr 2016/05/16 v1.4 Providing info/warning/error messages (HO)
)
("C:\Latex\MiKTeX 2.9\tex\generic\oberdiek\ltxcmds.sty"
Package: ltxcmds 2016/05/16 v1.23 LaTeX kernel commands for general use (HO)
)
\Gread@gobject=\count91
)
Package xcolor Info: Model `cmy' substituted by `cmy0' on input line 1348.
Package xcolor Info: Model `hsb' substituted by `rgb' on input line 1352.
Package xcolor Info: Model `RGB' extended on input line 1364.
Package xcolor Info: Model `HTML' substituted by `rgb' on input line 1366.
Package xcolor Info: Model `Hsb' substituted by `hsb' on input line 1367.
Package xcolor Info: Model `tHsb' substituted by `hsb' on input line 1368.
Package xcolor Info: Model `HSB' substituted by `hsb' on input line 1369.
Package xcolor Info: Model `Gray' substituted by `gray' on input line 1370.
Package xcolor Info: Model `wave' substituted by `hsb' on input line 1371.
)
("C:\Latex\MiKTeX 2.9\tex\latex\forloop\forloop.sty"
Package: forloop 2006/09/18 v3.0 For Loops for LaTeX
)
\c@perc=\count92
\cshowwidth=\skip56
)
(C:\Latex\TUBS\tex/latex\tubs\tubstypearea.sty
Package: tubstypearea 2015/04/20 v1.1.0-r1313 tubslatex

("C:\Latex\MiKTeX 2.9\tex\latex\tools\calc.sty"
Package: calc 2014/10/28 v4.3 Infix arithmetic (KKT,FJ)
\calc@Acount=\count93
\calc@Bcount=\count94
\calc@Adimen=\dimen103
\calc@Bdimen=\dimen104
\calc@Askip=\skip57
\calc@Bskip=\skip58
LaTeX Info: Redefining \setlength on input line 80.
LaTeX Info: Redefining \addtolength on input line 81.
\calc@Ccount=\count95
\calc@Cskip=\skip59
)
\tubspage@bcor=\skip60
\tubsborderwidth=\skip61
\tubspage@module@padding=\skip62
\tubssenderheight=\skip63
\tubspage@headheight=\skip64
\tubscommunicationheight=\skip65
\tubspage@contentwidth=\skip66
\c@tubspage@vsegments=\count96
\c@tubspage@gausssum=\count97
\tubscolumnsep=\skip67
\tubsgaussbaseheight=\skip68
\tubscolumnwidth=\skip69

("C:\Latex\MiKTeX 2.9\tex\latex\geometry\geometry.sty"
Package: geometry 2010/09/12 v5.6 Page Geometry

("C:\Latex\MiKTeX 2.9\tex\generic\oberdiek\ifpdf.sty"
Package: ifpdf 2017/03/15 v3.2 Provides the ifpdf switch
)
("C:\Latex\MiKTeX 2.9\tex\generic\oberdiek\ifvtex.sty"
Package: ifvtex 2016/05/16 v1.6 Detect VTeX and its facilities (HO)
Package ifvtex Info: VTeX not detected.
)
("C:\Latex\MiKTeX 2.9\tex\generic\ifxetex\ifxetex.sty"
Package: ifxetex 2010/09/12 v0.6 Provides ifxetex conditional
)
\Gm@cnth=\count98
\Gm@cntv=\count99
\c@Gm@tempcnt=\count100
\Gm@bindingoffset=\dimen105
\Gm@wd@mp=\dimen106
\Gm@odd@mp=\dimen107
\Gm@even@mp=\dimen108
\Gm@layoutwidth=\dimen109
\Gm@layoutheight=\dimen110
\Gm@layouthoffset=\dimen111
\Gm@layoutvoffset=\dimen112
\Gm@dimlist=\toks16

("C:\Latex\MiKTeX 2.9\tex\latex\geometry\geometry.cfg"))
\c@tmp@calc=\count101
)
(C:\Latex\TUBS\tex/latex\tubs\tubslogo.sty
Package: tubslogo 2015/04/20 v1.1.0-r1313 tubslatex, file v1.2 CD-Logo der TU B
raunschweig

("C:\Latex\MiKTeX 2.9\tex\latex\graphics\graphicx.sty"
Package: graphicx 2014/10/28 v1.0g Enhanced LaTeX Graphics (DPC,SPQR)

("C:\Latex\MiKTeX 2.9\tex\latex\graphics\graphics.sty"
Package: graphics 2017/04/14 v1.1b Standard LaTeX Graphics (DPC,SPQR)

("C:\Latex\MiKTeX 2.9\tex\latex\graphics\trig.sty"
Package: trig 2016/01/03 v1.10 sin cos tan (DPC)
)
("C:\Latex\MiKTeX 2.9\tex\latex\graphics-cfg\graphics.cfg"
File: graphics.cfg 2016/06/04 v1.11 sample graphics configuration
)
Package graphics Info: Driver file: pdftex.def on input line 99.
)
\Gin@req@height=\dimen113
\Gin@req@width=\dimen114
)
\tubslogo@width=\skip70
\tubslogoBaseWidth=\skip71
\tubslogoBaseHeight=\skip72
\tubslogoWidth=\skip73
\tubslogoHeight=\skip74
\temp@=\dimen115
)
(C:\Latex\TUBS\tex/latex\tubs\tubsstyle.sty
Package: tubsstyle 2015/04/20 v1.1.0-r1313 tubslatex, file v0.1 Hintergrund-Dar
stellung für tubslatex

("C:\Latex\MiKTeX 2.9\tex\latex\eso-pic\eso-pic.sty"
Package: eso-pic 2015/07/21 v2.0g eso-pic (RN)
)
("C:\Latex\MiKTeX 2.9\tex\latex\eso-pic\eso-pic.sty"
Package: eso-pic 2015/07/21 v2.0g eso-pic (RN)

("C:\Latex\MiKTeX 2.9\tex\generic\oberdiek\atbegshi.sty"
Package: atbegshi 2016/06/09 v1.18 At begin shipout hook (HO)
))
(C:\Latex\TUBS\tex/latex\tubs\tubsbox.sty
(C:\Latex\TUBS\tex/latex\tubs\tubsdebug.sty)
("C:\Latex\MiKTeX 2.9\tex\latex\textpos\textpos.sty"
Package: textpos 2016/06/07 v1.8

Package: textpos 2016/06/07 1.8, absolute positioning of text on the page
("C:\Latex\MiKTeX 2.9\tex\latex\ms\everyshi.sty"
Package: everyshi 2001/05/15 v3.00 EveryShipout Package (MS)
)
\TP@textbox=\box28
\TP@holdbox=\box29
\TPHorizModule=\dimen116
\TPVertModule=\dimen117
\TP@margin=\dimen118
\TP@absmargin=\dimen119

Grid set 16 x 16 = 37.34424pt x 52.81543pt
\TPboxrulesize=\dimen120
\TP@ox=\dimen121
\TP@oy=\dimen122
\TP@tbargs=\toks17
\TP@prevdepth=\dimen123
TextBlockOrigin set to 0pt x 0pt
)
\tubs@gb@toppadding=\skip75
\tubs@gb@bottompadding=\skip76
\tubs@gb@leftpadding=\skip77
\tubs@gb@rightpadding=\skip78
\tubs@gb@storebox=\box30
\c@tubs@gb@lastelement=\count102
\c@tubs@gb@calcypos=\count103
\c@tubs@gb@calcheight=\count104
\tubs@sb@storebox=\box31
\tubs@sb@bgimagebox=\box32
\c@tubs@sb@elementcount=\count105
\c@tubs@sb@xcount=\count106
\tubs@sb@xfreespace=\skip79
\tubs@sb@xlength=\skip80
\c@tubs@cnt=\count107
\c@tubs@sb@current@col=\count108
\c@tubs@sb@current@row=\count109
\c@tubs@sb@current@subrow=\count110
\modulewidth=\skip81
\moduleheight=\skip82
\@box@tmp=\dimen124
\tubs@sb@box@xpos=\skip83
\tubs@sb@box@ypos=\skip84
\tubs@sb@box@rowheight=\skip85
\tubs@sb@box@splitrow=\skip86
\tubs@sb@padding=\skip87
)
\tmp@posx=\skip88
\tmp@posy=\skip89
\c@tmp@calc@bgpos=\count111
\c@tmpb@calc@bgpos=\count112
\@image@xorig=\skip90
\@image@xcalc=\skip91
\@image@yorig=\skip92
\@image@ycalc=\skip93
\c@tubs@yseg@cnt=\count113
) (C:\Latex\TUBS\tex/latex\tubs\nexus.sty
Package: nexus 2015/04/20 v1.1.0-r1313 tubslatex Nexus font

("C:\Latex\MiKTeX 2.9\tex\latex\psnfss\mathpazo.sty"
Package: mathpazo 2005/04/12 PSNFSS-v9.2a Palatino w/ Pazo Math (D.Puga, WaS) 
\symupright=\mathgroup4
)
("C:\Latex\MiKTeX 2.9\tex\latex\base\fontenc.sty"
Package: fontenc 2017/04/05 v2.0i Standard LaTeX package

("C:\Latex\MiKTeX 2.9\tex\latex\ly1\ly1enc.def"
File: ly1enc.def 2009/07/22 v0.7 TeX 'n ANSI encoding (DPC/KB)
)
LaTeX Font Info:    Try loading font information for LY1+ptm on input line 105.


("C:\Latex\MiKTeX 2.9\tex\latex\ly1\ly1ptm.fd"
File: ly1ptm.fd 2001/02/01 font definitions for LY1/ptm using Berry names.
))
LaTeX Font Info:    Overwriting math alphabet `\mathsf' in version `normal'
(Font)                  OT1/cmss/m/n --> LY1/NexusProSans/m/n on input line 180
.
LaTeX Font Info:    Overwriting math alphabet `\mathtt' in version `normal'
(Font)                  OT1/cmtt/m/n --> LY1/txtt/m/n on input line 181.
)

Class scrbook Warning: Usage of package `titlesec' together
(scrbook)              with a KOMA-Script class is not recommended.
(scrbook)              I'd suggest to use the package only
(scrbook)              if you really need it, because it breaks several
(scrbook)              KOMA-Script features, i.e., option `headings' and
(scrbook)              the extended optional argument of the section
(scrbook)              commands.
(scrbook)              Nevertheless, using requested
(scrbook)              package `titlesec' on input line 331.

("C:\Latex\MiKTeX 2.9\tex\latex\titlesec\titlesec.sty"
Package: titlesec 2016/03/21 v2.10.2 Sectioning titles
\ttl@box=\box33
\beforetitleunit=\skip94
\aftertitleunit=\skip95
\ttl@plus=\dimen125
\ttl@minus=\dimen126
\ttl@toksa=\toks18
\titlewidth=\dimen127
\titlewidthlast=\dimen128
\titlewidthfirst=\dimen129


Package titlesec Warning: Non standard sectioning command detected
(titlesec)                Using default spacing and no format.


Package titlesec Warning: Non standard sectioning command detected
(titlesec)                Using default spacing and no format.


Package titlesec Warning: Non standard sectioning command detected
(titlesec)                Using default spacing and no format.


Package titlesec Warning: Non standard sectioning command detected
(titlesec)                Using default spacing and no format.


Package titlesec Warning: Non standard sectioning command detected
(titlesec)                Using default spacing and no format.

)

Class scrbook Warning: Activating an ugly workaround for a missing
(scrbook)              feature of package `titlesec` on input line 331.

("C:\Latex\MiKTeX 2.9\tex\latex\titlesec\block.tss"
File: block.tss 2016/03/15
)
("C:\Latex\MiKTeX 2.9\tex\latex\koma-script\scrpage2.sty"
Package: scrpage2 2017/04/13 v3.23 KOMA-Script package (page head and foot)
LaTeX Info: Redefining \pagemark on input line 174.
)
\@tubs@headheight=\dimen130
\@tubs@headheight=\dimen131

("C:\Latex\MiKTeX 2.9\tex\latex\oberdiek\letltxmacro.sty"
Package: letltxmacro 2016/05/16 v1.5 Let assignment for LaTeX macros (HO)
))
(chapters/header.tex ("C:\Latex\MiKTeX 2.9\tex\latex\datenumber\datenumber.sty"
Package: datenumber 2001/08/06v0.02
("C:\Latex\MiKTeX 2.9\tex\latex\datenumber\datenumberUSenglish.ldf"
File: datenumberUSenglish.ldf 
)
("C:\Latex\MiKTeX 2.9\tex\latex\datenumber\datenumbergerman.ldf"
File: datenumbergerman.ldf 
)
\c@@dayscnt=\count114
\c@@startyear=\count115
\c@datenumber=\count116
\c@dateyear=\count117
\c@datemonth=\count118
\c@dateday=\count119
\c@datedayname=\count120
\@nom=\count121
\@den=\count122
)
("C:\Latex\MiKTeX 2.9\tex\latex\amsmath\amsmath.sty"
Package: amsmath 2016/11/05 v2.16a AMS math features
\@mathmargin=\skip96

For additional information on amsmath, use the `?' option.
("C:\Latex\MiKTeX 2.9\tex\latex\amsmath\amstext.sty"
Package: amstext 2000/06/29 v2.01 AMS text

("C:\Latex\MiKTeX 2.9\tex\latex\amsmath\amsgen.sty"
File: amsgen.sty 1999/11/30 v2.0 generic functions
\@emptytoks=\toks19
\ex@=\dimen132
))
("C:\Latex\MiKTeX 2.9\tex\latex\amsmath\amsbsy.sty"
Package: amsbsy 1999/11/29 v1.2d Bold Symbols
\pmbraise@=\dimen133
)
("C:\Latex\MiKTeX 2.9\tex\latex\amsmath\amsopn.sty"
Package: amsopn 2016/03/08 v2.02 operator names
)
\inf@bad=\count123
LaTeX Info: Redefining \frac on input line 213.
\uproot@=\count124
\leftroot@=\count125
LaTeX Info: Redefining \overline on input line 375.
\classnum@=\count126
\DOTSCASE@=\count127
LaTeX Info: Redefining \ldots on input line 472.
LaTeX Info: Redefining \dots on input line 475.
LaTeX Info: Redefining \cdots on input line 596.
\Mathstrutbox@=\box34
\strutbox@=\box35
\big@size=\dimen134
LaTeX Font Info:    Redeclaring font encoding OML on input line 712.
LaTeX Font Info:    Redeclaring font encoding OMS on input line 713.
\macc@depth=\count128
\c@MaxMatrixCols=\count129
\dotsspace@=\muskip10
\c@parentequation=\count130
\dspbrk@lvl=\count131
\tag@help=\toks20
\row@=\count132
\column@=\count133
\maxfields@=\count134
\andhelp@=\toks21
\eqnshift@=\dimen135
\alignsep@=\dimen136
\tagshift@=\dimen137
\tagwidth@=\dimen138
\totwidth@=\dimen139
\lineht@=\dimen140
\@envbody=\toks22
\multlinegap=\skip97
\multlinetaggap=\skip98
\mathdisplay@stack=\toks23
LaTeX Info: Redefining \[ on input line 2817.
LaTeX Info: Redefining \] on input line 2818.
)
("C:\Latex\MiKTeX 2.9\tex\latex\amsfonts\amssymb.sty"
Package: amssymb 2013/01/14 v3.01 AMS font symbols

("C:\Latex\MiKTeX 2.9\tex\latex\amsfonts\amsfonts.sty"
Package: amsfonts 2013/01/14 v3.01 Basic AMSFonts support
\symAMSa=\mathgroup5
\symAMSb=\mathgroup6
LaTeX Font Info:    Overwriting math alphabet `\mathfrak' in version `bold'
(Font)                  U/euf/m/n --> U/euf/b/n on input line 106.
))
(C:\Users\juliu\AppData\Roaming\MiKTeX\2.9\tex\latex\nomencl\nomencl.sty
Package: nomencl 2005/09/22 v4.2 Nomenclature package (LN)
\nomlabelwidth=\dimen141
\nom@tempdim=\dimen142
\nomitemsep=\skip99
)
\@nomenclaturefile=\write3
\openout3 = `studentischeArbeiten.nlo'.


Writing nomenclature file studentischeArbeiten.nlo
(C:\Users\juliu\AppData\Roaming\MiKTeX\2.9\tex\latex\ulem\ulem.sty
\UL@box=\box36
\UL@hyphenbox=\box37
\UL@skip=\skip100
\UL@hook=\toks24
\UL@height=\dimen143
\UL@pe=\count135
\UL@pixel=\dimen144
\ULC@box=\box38
Package: ulem 2012/05/18
\ULdepth=\dimen145
)
("C:\Latex\MiKTeX 2.9\tex\latex\tools\longtable.sty"
Package: longtable 2014/10/28 v4.11 Multi-page Table package (DPC)
\LTleft=\skip101
\LTright=\skip102
\LTpre=\skip103
\LTpost=\skip104
\LTchunksize=\count136
\LTcapwidth=\dimen146
\LT@head=\box39
\LT@firsthead=\box40
\LT@foot=\box41
\LT@lastfoot=\box42
\LT@cols=\count137
\LT@rows=\count138
\c@LT@tables=\count139
\c@LT@chunks=\count140
\LT@p@ftn=\toks25
)
Class scrbook Info: longtable captions redefined on input line 48.

("C:\Latex\MiKTeX 2.9\tex\latex\units\units.sty"
Package: units 1998/08/04 v0.9b Typesetting units

("C:\Latex\MiKTeX 2.9\tex\latex\units\nicefrac.sty"
Package: nicefrac 1998/08/04 v0.9b Nice fractions
\L@UnitsRaiseDisplaystyle=\skip105
\L@UnitsRaiseTextstyle=\skip106
\L@UnitsRaiseScriptstyle=\skip107
))
("C:\Latex\MiKTeX 2.9\tex\latex\base\textcomp.sty"
Package: textcomp 2017/04/05 v2.0i Standard LaTeX package
Package textcomp Info: Sub-encoding information:
(textcomp)               5 = only ISO-Adobe without \textcurrency
(textcomp)               4 = 5 + \texteuro
(textcomp)               3 = 4 + \textohm
(textcomp)               2 = 3 + \textestimated + \textcurrency
(textcomp)               1 = TS1 - \textcircled - \t
(textcomp)               0 = TS1 (full)
(textcomp)             Font families with sub-encoding setting implement
(textcomp)             only a restricted character set as indicated.
(textcomp)             Family '?' is the default used for unknown fonts.
(textcomp)             See the documentation for details.
Package textcomp Info: Setting ? sub-encoding to TS1/1 on input line 79.

("C:\Latex\MiKTeX 2.9\tex\latex\base\ts1enc.def"
File: ts1enc.def 2001/06/05 v3.0e (jk/car/fm) Standard LaTeX file
)
LaTeX Info: Redefining \oldstylenums on input line 334.
Package textcomp Info: Setting cmr sub-encoding to TS1/0 on input line 349.
Package textcomp Info: Setting cmss sub-encoding to TS1/0 on input line 350.
Package textcomp Info: Setting cmtt sub-encoding to TS1/0 on input line 351.
Package textcomp Info: Setting cmvtt sub-encoding to TS1/0 on input line 352.
Package textcomp Info: Setting cmbr sub-encoding to TS1/0 on input line 353.
Package textcomp Info: Setting cmtl sub-encoding to TS1/0 on input line 354.
Package textcomp Info: Setting ccr sub-encoding to TS1/0 on input line 355.
Package textcomp Info: Setting ptm sub-encoding to TS1/4 on input line 356.
Package textcomp Info: Setting pcr sub-encoding to TS1/4 on input line 357.
Package textcomp Info: Setting phv sub-encoding to TS1/4 on input line 358.
Package textcomp Info: Setting ppl sub-encoding to TS1/3 on input line 359.
Package textcomp Info: Setting pag sub-encoding to TS1/4 on input line 360.
Package textcomp Info: Setting pbk sub-encoding to TS1/4 on input line 361.
Package textcomp Info: Setting pnc sub-encoding to TS1/4 on input line 362.
Package textcomp Info: Setting pzc sub-encoding to TS1/4 on input line 363.
Package textcomp Info: Setting bch sub-encoding to TS1/4 on input line 364.
Package textcomp Info: Setting put sub-encoding to TS1/5 on input line 365.
Package textcomp Info: Setting uag sub-encoding to TS1/5 on input line 366.
Package textcomp Info: Setting ugq sub-encoding to TS1/5 on input line 367.
Package textcomp Info: Setting ul8 sub-encoding to TS1/4 on input line 368.
Package textcomp Info: Setting ul9 sub-encoding to TS1/4 on input line 369.
Package textcomp Info: Setting augie sub-encoding to TS1/5 on input line 370.
Package textcomp Info: Setting dayrom sub-encoding to TS1/3 on input line 371.
Package textcomp Info: Setting dayroms sub-encoding to TS1/3 on input line 372.

Package textcomp Info: Setting pxr sub-encoding to TS1/0 on input line 373.
Package textcomp Info: Setting pxss sub-encoding to TS1/0 on input line 374.
Package textcomp Info: Setting pxtt sub-encoding to TS1/0 on input line 375.
Package textcomp Info: Setting txr sub-encoding to TS1/0 on input line 376.
Package textcomp Info: Setting txss sub-encoding to TS1/0 on input line 377.
Package textcomp Info: Setting txtt sub-encoding to TS1/0 on input line 378.
Package textcomp Info: Setting lmr sub-encoding to TS1/0 on input line 379.
Package textcomp Info: Setting lmdh sub-encoding to TS1/0 on input line 380.
Package textcomp Info: Setting lmss sub-encoding to TS1/0 on input line 381.
Package textcomp Info: Setting lmssq sub-encoding to TS1/0 on input line 382.
Package textcomp Info: Setting lmvtt sub-encoding to TS1/0 on input line 383.
Package textcomp Info: Setting lmtt sub-encoding to TS1/0 on input line 384.
Package textcomp Info: Setting qhv sub-encoding to TS1/0 on input line 385.
Package textcomp Info: Setting qag sub-encoding to TS1/0 on input line 386.
Package textcomp Info: Setting qbk sub-encoding to TS1/0 on input line 387.
Package textcomp Info: Setting qcr sub-encoding to TS1/0 on input line 388.
Package textcomp Info: Setting qcs sub-encoding to TS1/0 on input line 389.
Package textcomp Info: Setting qpl sub-encoding to TS1/0 on input line 390.
Package textcomp Info: Setting qtm sub-encoding to TS1/0 on input line 391.
Package textcomp Info: Setting qzc sub-encoding to TS1/0 on input line 392.
Package textcomp Info: Setting qhvc sub-encoding to TS1/0 on input line 393.
Package textcomp Info: Setting futs sub-encoding to TS1/4 on input line 394.
Package textcomp Info: Setting futx sub-encoding to TS1/4 on input line 395.
Package textcomp Info: Setting futj sub-encoding to TS1/4 on input line 396.
Package textcomp Info: Setting hlh sub-encoding to TS1/3 on input line 397.
Package textcomp Info: Setting hls sub-encoding to TS1/3 on input line 398.
Package textcomp Info: Setting hlst sub-encoding to TS1/3 on input line 399.
Package textcomp Info: Setting hlct sub-encoding to TS1/5 on input line 400.
Package textcomp Info: Setting hlx sub-encoding to TS1/5 on input line 401.
Package textcomp Info: Setting hlce sub-encoding to TS1/5 on input line 402.
Package textcomp Info: Setting hlcn sub-encoding to TS1/5 on input line 403.
Package textcomp Info: Setting hlcw sub-encoding to TS1/5 on input line 404.
Package textcomp Info: Setting hlcf sub-encoding to TS1/5 on input line 405.
Package textcomp Info: Setting pplx sub-encoding to TS1/3 on input line 406.
Package textcomp Info: Setting pplj sub-encoding to TS1/3 on input line 407.
Package textcomp Info: Setting ptmx sub-encoding to TS1/4 on input line 408.
Package textcomp Info: Setting ptmj sub-encoding to TS1/4 on input line 409.
)
("C:\Latex\MiKTeX 2.9\tex\latex\pdfpages\pdfpages.sty"
Package: pdfpages 2017/01/14 v0.5h Insert pages of external PDF documents (AM)
\AM@pagewidth=\dimen147
\AM@pageheight=\dimen148

("C:\Latex\MiKTeX 2.9\tex\latex\pdfpages\pppdftex.def"
File: pppdftex.def 2017/01/14 v0.5h Pdfpages driver for pdfTeX (AM)
)
\AM@pagebox=\box43
\AM@global@opts=\toks26
\AM@toc@title=\toks27
\c@AM@survey=\count141
\AM@templatesizebox=\box44
)
("C:\Latex\MiKTeX 2.9\tex\latex\caption\subcaption.sty"
Package: subcaption 2016/05/22 v1.1-161 Sub-captions (AR)

("C:\Latex\MiKTeX 2.9\tex\latex\caption\caption.sty"
Package: caption 2016/02/21 v3.3-144 Customizing captions (AR)

("C:\Latex\MiKTeX 2.9\tex\latex\caption\caption3.sty"
Package: caption3 2016/05/22 v1.7-166 caption3 kernel (AR)
Package caption3 Info: TeX engine: e-TeX on input line 67.
\captionmargin=\dimen149
\captionmargin@=\dimen150
\captionwidth=\dimen151
\caption@tempdima=\dimen152
\caption@indent=\dimen153
\caption@parindent=\dimen154
\caption@hangindent=\dimen155
)
Package caption Info: KOMA-Script document class.
\c@ContinuedFloat=\count142
Package caption Info: longtable package is loaded.

("C:\Latex\MiKTeX 2.9\tex\latex\caption\ltcaption.sty"
Package: ltcaption 2013/06/09 v1.4-94 longtable captions (AR)
))
\c@subfigure=\count143
\c@subtable=\count144
)
("C:\Latex\MiKTeX 2.9\tex\latex\float\float.sty"
Package: float 2001/11/08 v1.3d Float enhancements (AL)
\c@float@type=\count145
\float@exts=\toks28
\float@box=\box45
\@float@everytoks=\toks29
\@floatcapt=\box46
)
("C:\Latex\MiKTeX 2.9\tex\latex\hyperref\hyperref.sty"
Package: hyperref 2017/03/14 v6.85a Hypertext links for LaTeX

("C:\Latex\MiKTeX 2.9\tex\generic\oberdiek\hobsub-hyperref.sty"
Package: hobsub-hyperref 2016/05/16 v1.14 Bundle oberdiek, subset hyperref (HO)


("C:\Latex\MiKTeX 2.9\tex\generic\oberdiek\hobsub-generic.sty"
Package: hobsub-generic 2016/05/16 v1.14 Bundle oberdiek, subset generic (HO)
Package: hobsub 2016/05/16 v1.14 Construct package bundles (HO)
Package hobsub Info: Skipping package `infwarerr' (already loaded).
Package hobsub Info: Skipping package `ltxcmds' (already loaded).
Package: ifluatex 2016/05/16 v1.4 Provides the ifluatex switch (HO)
Package ifluatex Info: LuaTeX not detected.
Package hobsub Info: Skipping package `ifvtex' (already loaded).
Package: intcalc 2016/05/16 v1.2 Expandable calculations with integers (HO)
Package hobsub Info: Skipping package `ifpdf' (already loaded).
Package: etexcmds 2016/05/16 v1.6 Avoid name clashes with e-TeX commands (HO)
Package etexcmds Info: Could not find \expanded.
(etexcmds)             That can mean that you are not using pdfTeX 1.50 or
(etexcmds)             that some package has redefined \expanded.
(etexcmds)             In the latter case, load this package earlier.
Package: kvsetkeys 2016/05/16 v1.17 Key value parser (HO)
Package: kvdefinekeys 2016/05/16 v1.4 Define keys (HO)
Package: pdftexcmds 2017/03/19 v0.25 Utility functions of pdfTeX for LuaTeX (HO
)
Package pdftexcmds Info: LuaTeX not detected.
Package pdftexcmds Info: \pdf@primitive is available.
Package pdftexcmds Info: \pdf@ifprimitive is available.
Package pdftexcmds Info: \pdfdraftmode found.
Package: pdfescape 2016/05/16 v1.14 Implements pdfTeX's escape features (HO)
Package: bigintcalc 2016/05/16 v1.4 Expandable calculations on big integers (HO
)
Package: bitset 2016/05/16 v1.2 Handle bit-vector datatype (HO)
Package: uniquecounter 2016/05/16 v1.3 Provide unlimited unique counter (HO)
)
Package hobsub Info: Skipping package `hobsub' (already loaded).
Package hobsub Info: Skipping package `letltxmacro' (already loaded).
Package: hopatch 2016/05/16 v1.3 Wrapper for package hooks (HO)
Package: xcolor-patch 2016/05/16 xcolor patch
Package: atveryend 2016/05/16 v1.9 Hooks at the very end of document (HO)
Package hobsub Info: Skipping package `atbegshi' (already loaded).
Package: refcount 2016/05/16 v3.5 Data extraction from label references (HO)
Package: hycolor 2016/05/16 v1.8 Color options for hyperref/bookmark (HO)
)
("C:\Latex\MiKTeX 2.9\tex\latex\oberdiek\auxhook.sty"
Package: auxhook 2016/05/16 v1.4 Hooks for auxiliary files (HO)
)
("C:\Latex\MiKTeX 2.9\tex\latex\oberdiek\kvoptions.sty"
Package: kvoptions 2016/05/16 v3.12 Key value format for package options (HO)
)
\@linkdim=\dimen156
\Hy@linkcounter=\count146
\Hy@pagecounter=\count147

("C:\Latex\MiKTeX 2.9\tex\latex\hyperref\pd1enc.def"
File: pd1enc.def 2017/03/14 v6.85a Hyperref: PDFDocEncoding definition (HO)
)
\Hy@SavedSpaceFactor=\count148

("C:\Latex\MiKTeX 2.9\tex\latex\00miktex\hyperref.cfg"
File: hyperref.cfg 2002/06/06 v1.2 hyperref configuration of TeXLive
)
Package hyperref Info: Option `breaklinks' set `true' on input line 4374.
Package hyperref Info: Option `colorlinks' set `true' on input line 4374.
Package hyperref Info: Hyper figures OFF on input line 4498.
Package hyperref Info: Link nesting OFF on input line 4503.
Package hyperref Info: Hyper index ON on input line 4506.
Package hyperref Info: Plain pages OFF on input line 4513.
Package hyperref Info: Backreferencing OFF on input line 4518.
Package hyperref Info: Implicit mode ON; LaTeX internals redefined.
Package hyperref Info: Bookmarks ON on input line 4751.
\c@Hy@tempcnt=\count149

("C:\Latex\MiKTeX 2.9\tex\latex\url\url.sty"
\Urlmuskip=\muskip11
Package: url 2013/09/16  ver 3.4  Verb mode for urls, etc.
)
LaTeX Info: Redefining \url on input line 5104.
\XeTeXLinkMargin=\dimen157
\Fld@menulength=\count150
\Field@Width=\dimen158
\Fld@charsize=\dimen159
Package hyperref Info: Hyper figures OFF on input line 6358.
Package hyperref Info: Link nesting OFF on input line 6363.
Package hyperref Info: Hyper index ON on input line 6366.
Package hyperref Info: backreferencing OFF on input line 6373.
Package hyperref Info: Link coloring ON on input line 6376.
Package hyperref Info: Link coloring with OCG OFF on input line 6383.
Package hyperref Info: PDF/A mode OFF on input line 6388.
LaTeX Info: Redefining \ref on input line 6428.
LaTeX Info: Redefining \pageref on input line 6432.
\Hy@abspage=\count151
\c@Item=\count152
\c@Hfootnote=\count153
)

Package hyperref Message: Driver (autodetected): hpdftex.

("C:\Latex\MiKTeX 2.9\tex\latex\hyperref\hpdftex.def"
File: hpdftex.def 2017/03/14 v6.85a Hyperref driver for pdfTeX
\Fld@listcount=\count154
\c@bookmark@seq@number=\count155

("C:\Latex\MiKTeX 2.9\tex\latex\oberdiek\rerunfilecheck.sty"
Package: rerunfilecheck 2016/05/16 v1.8 Rerun checks for auxiliary files (HO)
Package uniquecounter Info: New unique counter `rerunfilecheck' on input line 2
82.
)
\Hy@SectionHShift=\skip108
)
("C:\Latex\MiKTeX 2.9\tex\latex\environ\environ.sty"
Package: environ 2014/05/04 v0.3 A new way to define environments

("C:\Latex\MiKTeX 2.9\tex\latex\trimspaces\trimspaces.sty"
Package: trimspaces 2009/09/17 v1.1 Trim spaces around a token list
))
\fontdim=\dimen160
\upperfontdim=\dimen161
\lowerfontdim=\dimen162
)
(studentischeArbeiten.aux (chapters/chapter1_introduction.aux)
(chapters/chapter2_thermodynamics.aux) (chapters/chapter3_control.aux

LaTeX Warning: Label `c:control:s:identification' multiply defined.

))
\openout1 = `studentischeArbeiten.aux'.

LaTeX Font Info:    Checking defaults for OML/cmm/m/it on input line 42.
LaTeX Font Info:    ... okay on input line 42.
LaTeX Font Info:    Checking defaults for T1/cmr/m/n on input line 42.
LaTeX Font Info:    ... okay on input line 42.
LaTeX Font Info:    Checking defaults for OT1/cmr/m/n on input line 42.
LaTeX Font Info:    ... okay on input line 42.
LaTeX Font Info:    Checking defaults for OMS/cmsy/m/n on input line 42.
LaTeX Font Info:    ... okay on input line 42.
LaTeX Font Info:    Checking defaults for OMX/cmex/m/n on input line 42.
LaTeX Font Info:    ... okay on input line 42.
LaTeX Font Info:    Checking defaults for U/cmr/m/n on input line 42.
LaTeX Font Info:    ... okay on input line 42.
LaTeX Font Info:    Checking defaults for LY1/ptm/m/n on input line 42.
LaTeX Font Info:    ... okay on input line 42.
LaTeX Font Info:    Checking defaults for TS1/cmr/m/n on input line 42.
LaTeX Font Info:    Try loading font information for TS1+cmr on input line 42.
 ("C:\Latex\MiKTeX 2.9\tex\latex\base\ts1cmr.fd"
File: ts1cmr.fd 2014/09/29 v2.5h Standard LaTeX font definitions
)
LaTeX Font Info:    ... okay on input line 42.
LaTeX Font Info:    Checking defaults for PD1/pdf/m/n on input line 42.
LaTeX Font Info:    ... okay on input line 42.
LaTeX Font Info:    Try loading font information for LY1+NexusProSerif on input
 line 42.

(C:\Latex\TUBS\tex/latex\tubs\ly1nexusproserif.fd
File: LY1NexusProSerif.fd Fontshop NexusProSerif font definitions
)
("C:\Latex\MiKTeX 2.9\tex\context\base\supp-pdf.mkii"
[Loading MPS to PDF converter (version 2006.09.02).]
\scratchcounter=\count156
\scratchdimen=\dimen163
\scratchbox=\box47
\nofMPsegments=\count157
\nofMParguments=\count158
\everyMPshowfont=\toks30
\MPscratchCnt=\count159
\MPscratchDim=\dimen164
\MPnumerator=\count160
\makeMPintoPDFobject=\count161
\everyMPtoPDFconversion=\toks31
) ("C:\Latex\MiKTeX 2.9\tex\latex\oberdiek\epstopdf-base.sty"
Package: epstopdf-base 2016/05/15 v2.6 Base part for package epstopdf

("C:\Latex\MiKTeX 2.9\tex\latex\oberdiek\grfext.sty"
Package: grfext 2016/05/16 v1.2 Manage graphics extensions (HO)
)
Package epstopdf-base Info: Redefining graphics rule for `.eps' on input line 4
38.
Package grfext Info: Graphics extension search list:
(grfext)             [.png,.pdf,.jpg,.mps,.jpeg,.jbig2,.jb2,.PNG,.PDF,.JPG,.JPE
G,.JBIG2,.JB2,.eps]
(grfext)             \AppendGraphicsExtensions on input line 456.
)
*geometry* driver: auto-detecting
*geometry* detected driver: pdftex
*geometry* verbose mode - [ preamble ] result:
* driver: pdftex
* paper: <default>
* layout: <same size as paper>
* layoutoffset:(h,v)=(0.0pt,0.0pt)
* bindingoffset: 42.67912pt
* modes: 
* h-part:(L,W,R)=(45.40387pt, 464.02107pt, 45.40387pt)
* v-part:(T,H,B)=(143.41924pt, 656.22383pt, 45.40387pt)
* \paperwidth=597.50793pt
* \paperheight=845.04694pt
* \textwidth=464.02107pt
* \textheight=656.22383pt
* \oddsidemargin=15.813pt
* \evensidemargin=-26.86612pt
* \topmargin=-38.21709pt
* \headheight=75.31343pt
* \headsep=34.0529pt
* \topskip=11.0pt
* \footskip=53.89996pt
* \marginparwidth=74.68849pt
* \marginparsep=12.8401pt
* \columnsep=14.22636pt
* \skip\footins=9.0pt plus 4.0pt minus 2.0pt
* \hoffset=0.0pt
* \voffset=0.0pt
* \mag=1000
* \@twocolumnfalse
* \@twosidefalse
* \@mparswitchfalse
* \@reversemarginfalse
* (1in=72.27pt=25.4mm, 1cm=28.453pt)

\AtBeginShipoutBox=\box48
ABD: EveryShipout initializing macros
("C:\Latex\MiKTeX 2.9\tex\latex\oberdiek\pdflscape.sty"
Package: pdflscape 2016/05/14 v0.11 Display of landscape pages in PDF (HO)

("C:\Latex\MiKTeX 2.9\tex\latex\graphics\lscape.sty"
Package: lscape 2000/10/22 v3.01 Landscape Pages (DPC)
)
Package pdflscape Info: Auto-detected driver: pdftex on input line 81.
)
Package caption Info: Begin \AtBeginDocument code.
Package caption Info: float package is loaded.
Package caption Info: hyperref package is loaded.
Package caption Info: End \AtBeginDocument code.
Package hyperref Info: Link coloring ON on input line 42.

("C:\Latex\MiKTeX 2.9\tex\latex\hyperref\nameref.sty"
Package: nameref 2016/05/21 v2.44 Cross-referencing by name of section

("C:\Latex\MiKTeX 2.9\tex\generic\oberdiek\gettitlestring.sty"
Package: gettitlestring 2016/05/16 v1.5 Cleanup title references (HO)
)
\c@section@level=\count162
)
LaTeX Info: Redefining \ref on input line 42.
LaTeX Info: Redefining \pageref on input line 42.
LaTeX Info: Redefining \nameref on input line 42.

(studentischeArbeiten.out) (studentischeArbeiten.out)
\@outlinefile=\write4
\openout4 = `studentischeArbeiten.out'.

 (chapters/Titelseite.tex
LaTeX Font Info:    Try loading font information for LY1+NexusProSans on input 
line 1.

(C:\Latex\TUBS\tex/latex\tubs\ly1nexusprosans.fd
File: LY1NexusProSans.fd Fontshop NexusProSans font definitions
)
TextBlockOrigin set to \tubsborderwidth +\tubspage@bcor  x \tubssenderheight 
\tubs@restore@parskip=\dimen165
\tubs@restore@parindent=\dimen166
\temp@=\dimen167
\temp@b=\dimen168
TextBlockOrigin set to \tubsborderwidth +\tubspage@bcor  x \tubssenderheight 
\tubs@restore@parskip=\dimen169
\tubs@restore@parindent=\dimen170
LaTeX Font Info:    Font shape `LY1/NexusProSans/bx/n' in size <12> not availab
le
(Font)              Font shape `LY1/NexusProSans/b/n' tried instead on input li
ne 21.
LaTeX Font Info:    Try loading font information for OT1+ppl on input line 21.
("C:\Latex\MiKTeX 2.9\tex\latex\psnfss\ot1ppl.fd"
File: ot1ppl.fd 2001/06/04 font definitions for OT1/ppl.
)
LaTeX Font Info:    Try loading font information for OML+zplm on input line 21.


("C:\Latex\MiKTeX 2.9\tex\latex\psnfss\omlzplm.fd"
File: omlzplm.fd 2002/09/08 Fontinst v1.914 font definitions for OML/zplm.
)
LaTeX Font Info:    Try loading font information for OMS+zplm on input line 21.


("C:\Latex\MiKTeX 2.9\tex\latex\psnfss\omszplm.fd"
File: omszplm.fd 2002/09/08 Fontinst v1.914 font definitions for OMS/zplm.
)
LaTeX Font Info:    Try loading font information for OMX+zplm on input line 21.


("C:\Latex\MiKTeX 2.9\tex\latex\psnfss\omxzplm.fd"
File: omxzplm.fd 2002/09/08 Fontinst v1.914 font definitions for OMX/zplm.
)
LaTeX Font Info:    Try loading font information for OT1+zplm on input line 21.


("C:\Latex\MiKTeX 2.9\tex\latex\psnfss\ot1zplm.fd"
File: ot1zplm.fd 2002/09/08 Fontinst v1.914 font definitions for OT1/zplm.
)
LaTeX Font Info:    Font shape `U/msa/m/n' will be
(Font)              scaled to size 12.50409pt on input line 21.
LaTeX Font Info:    Font shape `U/msa/m/n' will be
(Font)              scaled to size 9.37807pt on input line 21.
LaTeX Font Info:    Font shape `U/msa/m/n' will be
(Font)              scaled to size 7.29405pt on input line 21.
LaTeX Font Info:    Font shape `U/msb/m/n' will be
(Font)              scaled to size 12.50409pt on input line 21.
LaTeX Font Info:    Font shape `U/msb/m/n' will be
(Font)              scaled to size 9.37807pt on input line 21.
LaTeX Font Info:    Font shape `U/msb/m/n' will be
(Font)              scaled to size 7.29405pt on input line 21.
LaTeX Font Info:    Font shape `LY1/NexusProSans/bx/n' in size <9> not availabl
e
(Font)              Font shape `LY1/NexusProSans/b/n' tried instead on input li
ne 21.
LaTeX Font Info:    Font shape `U/msa/m/n' will be
(Font)              scaled to size 11.40997pt on input line 21.
LaTeX Font Info:    Font shape `U/msa/m/n' will be
(Font)              scaled to size 8.33606pt on input line 21.
LaTeX Font Info:    Font shape `U/msa/m/n' will be
(Font)              scaled to size 6.25204pt on input line 21.
LaTeX Font Info:    Font shape `U/msb/m/n' will be
(Font)              scaled to size 11.40997pt on input line 21.
LaTeX Font Info:    Font shape `U/msb/m/n' will be
(Font)              scaled to size 8.33606pt on input line 21.
LaTeX Font Info:    Font shape `U/msb/m/n' will be
(Font)              scaled to size 6.25204pt on input line 21.
LaTeX Font Info:    Font shape `LY1/NexusProSans/bx/n' in size <24> not availab
le
(Font)              Font shape `LY1/NexusProSans/b/n' tried instead on input li
ne 21.
LaTeX Font Info:    Calculating math sizes for size <24> on input line 21.
LaTeX Font Info:    Font shape `U/msa/m/n' will be
(Font)              scaled to size 25.00818pt on input line 21.
LaTeX Font Info:    Font shape `U/msa/m/n' will be
(Font)              scaled to size 19.00607pt on input line 21.
LaTeX Font Info:    Font shape `U/msa/m/n' will be
(Font)              scaled to size 15.00505pt on input line 21.
LaTeX Font Info:    Font shape `U/msb/m/n' will be
(Font)              scaled to size 25.00818pt on input line 21.
LaTeX Font Info:    Font shape `U/msb/m/n' will be
(Font)              scaled to size 19.00607pt on input line 21.
LaTeX Font Info:    Font shape `U/msb/m/n' will be
(Font)              scaled to size 15.00505pt on input line 21.
LaTeX Font Info:    Font shape `LY1/NexusProSans/bx/n' in size <18.23987> not a
vailable
(Font)              Font shape `LY1/NexusProSans/b/n' tried instead on input li
ne 21.
LaTeX Font Info:    Font shape `LY1/NexusProSans/bx/n' in size <48> not availab
le
(Font)              Font shape `LY1/NexusProSans/b/n' tried instead on input li
ne 21.
LaTeX Font Info:    Calculating math sizes for size <48> on input line 21.
LaTeX Font Info:    Font shape `U/msa/m/n' will be
(Font)              scaled to size 50.01636pt on input line 21.
LaTeX Font Info:    Font shape `U/msa/m/n' will be
(Font)              scaled to size 38.01215pt on input line 21.
LaTeX Font Info:    Font shape `U/msa/m/n' will be
(Font)              scaled to size 30.01012pt on input line 21.
LaTeX Font Info:    Font shape `U/msb/m/n' will be
(Font)              scaled to size 50.01636pt on input line 21.
LaTeX Font Info:    Font shape `U/msb/m/n' will be
(Font)              scaled to size 38.01215pt on input line 21.
LaTeX Font Info:    Font shape `U/msb/m/n' will be
(Font)              scaled to size 30.01012pt on input line 21.
LaTeX Font Info:    Font shape `LY1/NexusProSans/bx/n' in size <36.47974> not a
vailable
(Font)              Font shape `LY1/NexusProSans/b/n' tried instead on input li
ne 21.
LaTeX Font Info:    Font shape `LY1/NexusProSans/bx/n' in size <36> not availab
le
(Font)              Font shape `LY1/NexusProSans/b/n' tried instead on input li
ne 21.
LaTeX Font Info:    Calculating math sizes for size <36> on input line 21.
LaTeX Font Info:    Font shape `U/msa/m/n' will be
(Font)              scaled to size 37.51227pt on input line 21.
LaTeX Font Info:    Font shape `U/msa/m/n' will be
(Font)              scaled to size 28.50911pt on input line 21.
LaTeX Font Info:    Font shape `U/msa/m/n' will be
(Font)              scaled to size 22.50758pt on input line 21.
LaTeX Font Info:    Font shape `U/msb/m/n' will be
(Font)              scaled to size 37.51227pt on input line 21.
LaTeX Font Info:    Font shape `U/msb/m/n' will be
(Font)              scaled to size 28.50911pt on input line 21.
LaTeX Font Info:    Font shape `U/msb/m/n' will be
(Font)              scaled to size 22.50758pt on input line 21.
LaTeX Font Info:    Font shape `LY1/NexusProSans/bx/n' in size <27.3598> not av
ailable
(Font)              Font shape `LY1/NexusProSans/b/n' tried instead on input li
ne 21.
LaTeX Font Info:    Font shape `LY1/NexusProSans/bx/n' in size <30> not availab
le
(Font)              Font shape `LY1/NexusProSans/b/n' tried instead on input li
ne 21.
LaTeX Font Info:    Calculating math sizes for size <30> on input line 21.
LaTeX Font Info:    Font shape `U/msa/m/n' will be
(Font)              scaled to size 31.26022pt on input line 21.
LaTeX Font Info:    Font shape `U/msa/m/n' will be
(Font)              scaled to size 23.75758pt on input line 21.
LaTeX Font Info:    Font shape `U/msa/m/n' will be
(Font)              scaled to size 18.75632pt on input line 21.
LaTeX Font Info:    Font shape `U/msb/m/n' will be
(Font)              scaled to size 31.26022pt on input line 21.
LaTeX Font Info:    Font shape `U/msb/m/n' will be
(Font)              scaled to size 23.75758pt on input line 21.
LaTeX Font Info:    Font shape `U/msb/m/n' will be
(Font)              scaled to size 18.75632pt on input line 21.
LaTeX Font Info:    Font shape `LY1/NexusProSans/bx/n' in size <22.79984> not a
vailable
(Font)              Font shape `LY1/NexusProSans/b/n' tried instead on input li
ne 21.
LaTeX Font Info:    Font shape `LY1/NexusProSans/bx/n' in size <27> not availab
le
(Font)              Font shape `LY1/NexusProSans/b/n' tried instead on input li
ne 21.
LaTeX Font Info:    Calculating math sizes for size <27> on input line 21.
LaTeX Font Info:    Font shape `U/msa/m/n' will be
(Font)              scaled to size 28.1342pt on input line 21.
LaTeX Font Info:    Font shape `U/msa/m/n' will be
(Font)              scaled to size 21.38184pt on input line 21.
LaTeX Font Info:    Font shape `U/msa/m/n' will be
(Font)              scaled to size 16.88069pt on input line 21.
LaTeX Font Info:    Font shape `U/msb/m/n' will be
(Font)              scaled to size 28.1342pt on input line 21.
LaTeX Font Info:    Font shape `U/msb/m/n' will be
(Font)              scaled to size 21.38184pt on input line 21.
LaTeX Font Info:    Font shape `U/msb/m/n' will be
(Font)              scaled to size 16.88069pt on input line 21.
LaTeX Font Info:    Font shape `LY1/NexusProSans/bx/n' in size <20.51985> not a
vailable
(Font)              Font shape `LY1/NexusProSans/b/n' tried instead on input li
ne 21.
LaTeX Font Info:    Font shape `LY1/NexusProSans/bx/n' in size <28.5> not avail
able
(Font)              Font shape `LY1/NexusProSans/b/n' tried instead on input li
ne 21.
LaTeX Font Info:    Calculating math sizes for size <28.5> on input line 21.
LaTeX Font Info:    Font shape `U/msa/m/n' will be
(Font)              scaled to size 29.6972pt on input line 21.
LaTeX Font Info:    Font shape `U/msa/m/n' will be
(Font)              scaled to size 22.5697pt on input line 21.
LaTeX Font Info:    Font shape `U/msa/m/n' will be
(Font)              scaled to size 17.8185pt on input line 21.
LaTeX Font Info:    Font shape `U/msb/m/n' will be
(Font)              scaled to size 29.6972pt on input line 21.
LaTeX Font Info:    Font shape `U/msb/m/n' will be
(Font)              scaled to size 22.5697pt on input line 21.
LaTeX Font Info:    Font shape `U/msb/m/n' will be
(Font)              scaled to size 17.8185pt on input line 21.
LaTeX Font Info:    Font shape `LY1/NexusProSans/bx/n' in size <21.65984> not a
vailable
(Font)              Font shape `LY1/NexusProSans/b/n' tried instead on input li
ne 21.
LaTeX Font Info:    Font shape `LY1/NexusProSans/bx/n' in size <29.25> not avai
lable
(Font)              Font shape `LY1/NexusProSans/b/n' tried instead on input li
ne 21.
LaTeX Font Info:    Calculating math sizes for size <29.25> on input line 21.
LaTeX Font Info:    Font shape `U/msa/m/n' will be
(Font)              scaled to size 30.47871pt on input line 21.
LaTeX Font Info:    Font shape `U/msa/m/n' will be
(Font)              scaled to size 23.16364pt on input line 21.
LaTeX Font Info:    Font shape `U/msa/m/n' will be
(Font)              scaled to size 18.2874pt on input line 21.
LaTeX Font Info:    Font shape `U/msb/m/n' will be
(Font)              scaled to size 30.47871pt on input line 21.
LaTeX Font Info:    Font shape `U/msb/m/n' will be
(Font)              scaled to size 23.16364pt on input line 21.
LaTeX Font Info:    Font shape `U/msb/m/n' will be
(Font)              scaled to size 18.2874pt on input line 21.
LaTeX Font Info:    Font shape `LY1/NexusProSans/bx/n' in size <22.22983> not a
vailable
(Font)              Font shape `LY1/NexusProSans/b/n' tried instead on input li
ne 21.
LaTeX Font Info:    Font shape `LY1/NexusProSans/bx/n' in size <29.625> not ava
ilable
(Font)              Font shape `LY1/NexusProSans/b/n' tried instead on input li
ne 21.
LaTeX Font Info:    Calculating math sizes for size <29.625> on input line 21.
LaTeX Font Info:    Font shape `U/msa/m/n' will be
(Font)              scaled to size 30.86946pt on input line 21.
LaTeX Font Info:    Font shape `U/msa/m/n' will be
(Font)              scaled to size 23.46062pt on input line 21.
LaTeX Font Info:    Font shape `U/msa/m/n' will be
(Font)              scaled to size 18.52187pt on input line 21.
LaTeX Font Info:    Font shape `U/msb/m/n' will be
(Font)              scaled to size 30.86946pt on input line 21.
LaTeX Font Info:    Font shape `U/msb/m/n' will be
(Font)              scaled to size 23.46062pt on input line 21.
LaTeX Font Info:    Font shape `U/msb/m/n' will be
(Font)              scaled to size 18.52187pt on input line 21.
LaTeX Font Info:    Font shape `LY1/NexusProSans/bx/n' in size <22.51483> not a
vailable
(Font)              Font shape `LY1/NexusProSans/b/n' tried instead on input li
ne 21.
LaTeX Font Info:    Font shape `LY1/NexusProSans/bx/n' in size <29.4375> not av
ailable
(Font)              Font shape `LY1/NexusProSans/b/n' tried instead on input li
ne 21.
LaTeX Font Info:    Calculating math sizes for size <29.4375> on input line 21.

LaTeX Font Info:    Font shape `U/msa/m/n' will be
(Font)              scaled to size 30.67409pt on input line 21.
LaTeX Font Info:    Font shape `U/msa/m/n' will be
(Font)              scaled to size 23.31213pt on input line 21.
LaTeX Font Info:    Font shape `U/msa/m/n' will be
(Font)              scaled to size 18.40463pt on input line 21.
LaTeX Font Info:    Font shape `U/msb/m/n' will be
(Font)              scaled to size 30.67409pt on input line 21.
LaTeX Font Info:    Font shape `U/msb/m/n' will be
(Font)              scaled to size 23.31213pt on input line 21.
LaTeX Font Info:    Font shape `U/msb/m/n' will be
(Font)              scaled to size 18.40463pt on input line 21.
LaTeX Font Info:    Font shape `LY1/NexusProSans/bx/n' in size <22.37233> not a
vailable
(Font)              Font shape `LY1/NexusProSans/b/n' tried instead on input li
ne 21.
LaTeX Font Info:    Font shape `LY1/NexusProSans/bx/n' in size <18> not availab
le
(Font)              Font shape `LY1/NexusProSans/b/n' tried instead on input li
ne 26.
\temp@=\dimen171
\temp@b=\dimen172

TextBlockOrigin set to \tubsborderwidth +\tubspage@bcor  x \tubssenderheight 
\tubs@restore@parskip=\dimen173
\tubs@restore@parindent=\dimen174
LaTeX Font Info:    Font shape `LY1/NexusProSans/bx/n' in size <10.95> not avai
lable
(Font)              Font shape `LY1/NexusProSans/b/n' tried instead on input li
ne 36.
\temp@=\dimen175
\temp@b=\dimen176
<pictures/Titelbild.png, id=87, 521.95pt x 301.125pt>
File: pictures/Titelbild.png Graphic file (type png)

<use pictures/Titelbild.png>
Package pdftex.def Info: pictures/Titelbild.png used on input line 46.
(pdftex.def)             Requested size: 509.42494pt x 293.90123pt.
File: pictures/Titelbild.png Graphic file (type png)
 <use pictures/Titelbild.png>
Package pdftex.def Info: pictures/Titelbild.png used on input line 46.
(pdftex.def)             Requested size: 521.94872pt x 301.12425pt.
File: pictures/Titelbild.png Graphic file (type png)

<use pictures/Titelbild.png>
Package pdftex.def Info: pictures/Titelbild.png used on input line 46.
(pdftex.def)             Requested size: 709.31696pt x 409.18277pt.
File: pictures/Titelbild.png Graphic file (type png)
 <use pictures/Titelbild.png>
Package pdftex.def Info: pictures/Titelbild.png used on input line 46.
(pdftex.def)             Requested size: 509.42741pt x 409.18277pt.

<TUBraunschweig_4C.pdf, id=92, 199.1691pt x 73.97737pt>
File: TUBraunschweig_4C.pdf Graphic file (type pdf)

<use TUBraunschweig_4C.pdf>
Package pdftex.def Info: TUBraunschweig_4C.pdf used on input line 46.
(pdftex.def)             Requested size: 199.148pt x 73.97379pt.
\tmp@logoheight=\dimen177
LaTeX Font Info:    Font shape `LY1/NexusProSans/bx/n' in size <14> not availab
le
(Font)              Font shape `LY1/NexusProSans/b/n' tried instead on input li
ne 46.
 <ift_4C.pdf, id=93, 328.456pt x 137.42065pt>
File: ift_4C.pdf Graphic file (type pdf)

<use ift_4C.pdf>
Package pdftex.def Info: ift_4C.pdf used on input line 46.
(pdftex.def)             Requested size: 180.01485pt x 75.31528pt.
 [1


{C:/Users/juliu/AppData/Local/MiKTeX/2.9/pdftex/config/pdftex.map} <./pictures/
Titelbild.png (PNG copy)> <C:/Latex/TUBS/tex/latex/tubs/logos/TUBraunschweig_4C
.pdf> <./ift_4C.pdf

pdfTeX warning: pdflatex.EXE (file ./ift_4C.pdf): PDF inclusion: multiple pdfs 
with page group included in a single page
>]) <Aufgabenstellung.pdf, id=104, 597.432pt x 844.83629pt>
File: Aufgabenstellung.pdf Graphic file (type pdf)

<use Aufgabenstellung.pdf>
Package pdftex.def Info: Aufgabenstellung.pdf used on input line 43.
(pdftex.def)             Requested size: 597.43054pt x 844.83423pt.
File: Aufgabenstellung.pdf Graphic file (type pdf)
 <use Aufgabenstellung.pdf>
Package pdftex.def Info: Aufgabenstellung.pdf used on input line 43.
(pdftex.def)             Requested size: 597.43054pt x 844.83423pt.

<Aufgabenstellung.pdf, id=107, page=1, 597.432pt x 844.83629pt>
File: Aufgabenstellung.pdf Graphic file (type pdf)

<use Aufgabenstellung.pdf, page 1>
Package pdftex.def Info: Aufgabenstellung.pdf, page1 used on input line 43.
(pdftex.def)             Requested size: 597.43054pt x 844.83423pt.
File: Aufgabenstellung.pdf Graphic file (type pdf)
 <use Aufgabenstellung.pdf, page 1>
Package pdftex.def Info: Aufgabenstellung.pdf, page1 used on input line 43.
(pdftex.def)             Requested size: 597.93192pt x 845.54323pt.
File: Aufgabenstellung.pdf Graphic file (type pdf)

<use Aufgabenstellung.pdf, page 1>
Package pdftex.def Info: Aufgabenstellung.pdf, page1 used on input line 43.
(pdftex.def)             Requested size: 597.93192pt x 845.54323pt.
File: Aufgabenstellung.pdf Graphic file (type pdf)
 <use Aufgabenstellung.pdf, page 1>
Package pdftex.def Info: Aufgabenstellung.pdf, page1 used on input line 43.
(pdftex.def)             Requested size: 597.93192pt x 845.54323pt.
File: Aufgabenstellung.pdf Graphic file (type pdf)

<use Aufgabenstellung.pdf, page 1>
Package pdftex.def Info: Aufgabenstellung.pdf, page1 used on input line 43.
(pdftex.def)             Requested size: 597.93192pt x 845.54323pt.
 [2 <./Aufgabenstellung.pdf, page is rotated 270 degrees>] (chapters/Eidesstatt
liche_Erklaerung.tex) [3


]
(studentischeArbeiten.toc
LaTeX Font Info:    Try loading font information for LY1+NexusProSans-lnum on i
nput line 1.
 (C:\Latex\TUBS\tex/latex\tubs\ly1nexusprosans-lnum.fd
File: LY1NexusProSans-lnum.fd Fontshop NexusProSans-lnum font definitions
)
LaTeX Font Info:    Font shape `LY1/NexusProSans-lnum/bx/n' in size <10.95> not
 available
(Font)              Font shape `LY1/NexusProSans-lnum/b/n' tried instead on inp
ut line 1.
LaTeX Font Info:    Try loading font information for LY1+NexusProSerif-lnum on 
input line 2.
 (C:\Latex\TUBS\tex/latex\tubs\ly1nexusproserif-lnum.fd
File: LY1NexusProSerif-lnum.fd Fontshop NexusProSerif-lnum font definitions
))
\tf@toc=\write5
\openout5 = `studentischeArbeiten.toc'.

 [4


]
(studentischeArbeiten.lof)
\tf@lof=\write6
\openout6 = `studentischeArbeiten.lof'.


No file studentischeArbeiten.nls.
[1


]
\openout2 = `chapters/chapter1_introduction.aux'.

 (chapters/chapter1_introduction.tex
chapter 1.

Class scrbook Warning: \float@addtolists detected!
(scrbook)              Implementation of \float@addtolist became
(scrbook)              deprecated in KOMA-Script v3.01 2008/11/14 and
(scrbook)              has been replaced by several more flexible
(scrbook)              features of package `tocbasic`.
(scrbook)              Since Version 3.12 support for deprecated
(scrbook)              \float@addtolist interface has been
(scrbook)              restricted to only some of the KOMA-Script
(scrbook)              features and been removed from others.
(scrbook)              Loading of package `scrhack' may help to
(scrbook)              avoid this warning, if you are using a
(scrbook)              a package that still implements the
(scrbook)              deprecated \float@addtolist interface .

LaTeX Font Info:    Font shape `LY1/NexusProSans-lnum/bx/n' in size <36> not av
ailable
(Font)              Font shape `LY1/NexusProSans-lnum/b/n' tried instead on inp
ut line 1.
LaTeX Font Info:    Font shape `LY1/NexusProSans-lnum/bx/n' in size <18> not av
ailable
(Font)              Font shape `LY1/NexusProSans-lnum/b/n' tried instead on inp
ut line 3.
) [2



]
\openout2 = `chapters/chapter2_thermodynamics.aux'.

 (chapters/chapter2_thermodynamics.tex
chapter 2.

Package hyperref Warning: Token not allowed in a PDF string (PDFDocEncoding):
(hyperref)                removing `\\' on input line 1.


Underfull \hbox (badness 10000) in paragraph at lines 3--4

 []


Underfull \hbox (badness 10000) in paragraph at lines 5--6

 []


Underfull \hbox (badness 10000) in paragraph at lines 7--8

 []


Underfull \hbox (badness 10000) in paragraph at lines 17--18

 []

LaTeX Font Info:    Font shape `LY1/NexusProSerif/bx/n' in size <10.95> not ava
ilable
(Font)              Font shape `LY1/NexusProSerif/b/n' tried instead on input l
ine 25.

LaTeX Warning: Citation `Weigand2013ThermodynamikKompakt' on page 3 undefined o
n input line 25.

[3




]
LaTeX Font Info:    Try loading font information for U+fplmbb on input line 41.

 ("C:\Latex\MiKTeX 2.9\tex\latex\psnfss\ufplmbb.fd"
File: ufplmbb.fd 2003/10/30 Fontinst v1.914 font definitions for U/fplmbb.
)
Underfull \hbox (badness 10000) in paragraph at lines 41--42

 []


Underfull \hbox (badness 10000) in paragraph at lines 98--99

 []


Underfull \hbox (badness 10000) in paragraph at lines 100--101

 []

Package scrkbase Info: You've told me to use the font selection of the element
(scrkbase)             `pagehead' that is an alias of element `pageheadfoot'
(scrkbase)              on input line 101.
[4]
Underfull \hbox (badness 10000) in paragraph at lines 114--115

 []


Underfull \hbox (badness 10000) in paragraph at lines 126--128

 []


Underfull \hbox (badness 10000) in paragraph at lines 129--131

 []

)
Package scrkbase Info: You've told me to use the font selection of the element
(scrkbase)             `pagehead' that is an alias of element `pageheadfoot'
(scrkbase)              on input line 49.
 [5]
\openout2 = `chapters/chapter3_control.aux'.

 (chapters/chapter3_control.tex
chapter 3.

Underfull \hbox (badness 10000) in paragraph at lines 23--24

 []


Underfull \hbox (badness 10000) in paragraph at lines 34--40

 []


Underfull \hbox (badness 10000) in paragraph at lines 41--42

 []

[6




]
Underfull \hbox (badness 10000) in paragraph at lines 53--54

 []


LaTeX Warning: Citation `Astrom2009FeedbackEngineers' on page 7 undefined on in
put line 57.


Underfull \hbox (badness 10000) in paragraph at lines 57--58

 []

<./Graphics/2DOFCLOSEDLOOP.png, id=241, 530.783pt x 266.596pt>
File: ./Graphics/2DOFCLOSEDLOOP.png Graphic file (type png)

<use ./Graphics/2DOFCLOSEDLOOP.png>
Package pdftex.def Info: ./Graphics/2DOFCLOSEDLOOP.png used on input line 64.
(pdftex.def)             Requested size: 417.61612pt x 209.75424pt.
Package scrkbase Info: You've told me to use the font selection of the element
(scrkbase)             `pagehead' that is an alias of element `pageheadfoot'
(scrkbase)              on input line 72.
 [7 <./Graphics/2DOFCLOSEDLOOP.png>]
Underfull \hbox (badness 10000) in paragraph at lines 89--91

 []


LaTeX Warning: Citation `Zhou1998EssentialsControl' on page 8 undefined on inpu
t line 94.


Underfull \hbox (badness 10000) in paragraph at lines 94--96

 []


LaTeX Warning: Citation `Astrom2009FeedbackEngineers' on page 8 undefined on in
put line 107.

Package scrkbase Info: You've told me to use the font selection of the element
(scrkbase)             `pagehead' that is an alias of element `pageheadfoot'
(scrkbase)              on input line 123.
[8]
Underfull \hbox (badness 10000) in paragraph at lines 125--126

 []

(Graphics/MS.pdf_tex
<./Graphics/MS.pdf, id=267, page=1, 227.62204pt x 180.51967pt>
File: ./Graphics/MS.pdf Graphic file (type pdf)

<use ./Graphics/MS.pdf, page 1>
Package pdftex.def Info: ./Graphics/MS.pdf, page1 used on input line 52.
(pdftex.def)             Requested size: 227.62204pt x 180.52747pt.
)
Underfull \hbox (badness 10000) in paragraph at lines 144--145

 []


Underfull \hbox (badness 10000) in paragraph at lines 153--154

 []

Package scrkbase Info: You've told me to use the font selection of the element
(scrkbase)             `pagehead' that is an alias of element `pageheadfoot'
(scrkbase)              on input line 154.
[9 <./Graphics/MS.pdf>] <./Graphics/SVD.png, id=297, 238.491pt x 203.159pt>
File: ./Graphics/SVD.png Graphic file (type png)

<use ./Graphics/SVD.png>
Package pdftex.def Info: ./Graphics/SVD.png used on input line 158.
(pdftex.def)             Requested size: 238.4904pt x 203.1585pt.

Underfull \hbox (badness 10000) in paragraph at lines 179--180

 []


Underfull \hbox (badness 10000) in paragraph at lines 181--182

 []

Package scrkbase Info: You've told me to use the font selection of the element
(scrkbase)             `pagehead' that is an alias of element `pageheadfoot'
(scrkbase)              on input line 182.
[10 <./Graphics/SVD.png>]
Underfull \hbox (badness 10000) in paragraph at lines 183--184

 []

<./Graphics/AREA_IDENTIFICATION1.png, id=305, 341.275pt x 206.371pt>
File: ./Graphics/AREA_IDENTIFICATION1.png Graphic file (type png)

<use ./Graphics/AREA_IDENTIFICATION1.png>
Package pdftex.def Info: ./Graphics/AREA_IDENTIFICATION1.png used on input line
 191.
(pdftex.def)             Requested size: 417.61612pt x 252.55005pt.

Underfull \hbox (badness 10000) in paragraph at lines 199--200

 []


Underfull \hbox (badness 10000) in paragraph at lines 201--202

 []

<./Graphics/PT9-Study.png, id=307, 1003.75pt x 1003.75pt>
File: ./Graphics/PT9-Study.png Graphic file (type png)

<use ./Graphics/PT9-Study.png>
Package pdftex.def Info: ./Graphics/PT9-Study.png used on input line 206.
(pdftex.def)             Requested size: 417.61612pt x 417.6206pt.
Package scrkbase Info: You've told me to use the font selection of the element
(scrkbase)             `pagehead' that is an alias of element `pageheadfoot'
(scrkbase)              on input line 211.
 [11 <./Graphics/AREA_IDENTIFICATION1.png>]
Package scrkbase Info: You've told me to use the font selection of the element
(scrkbase)             `pagehead' that is an alias of element `pageheadfoot'
(scrkbase)              on input line 229.

[12 <./Graphics/PT9-Study.png>]
Underfull \hbox (badness 10000) in paragraph at lines 238--239

 []


LaTeX Warning: Citation `Astrom2006AdvancedControl' on page 13 undefined on inp
ut line 243.


Underfull \hbox (badness 10000) in paragraph at lines 255--256

 []


Underfull \hbox (badness 10000) in paragraph at lines 269--270

 []

Package scrkbase Info: You've told me to use the font selection of the element
(scrkbase)             `pagehead' that is an alias of element `pageheadfoot'
(scrkbase)              on input line 270.
[13]
Underfull \hbox (badness 10000) in paragraph at lines 320--321

 []

Package scrkbase Info: You've told me to use the font selection of the element
(scrkbase)             `pagehead' that is an alias of element `pageheadfoot'
(scrkbase)              on input line 321.
[14]
Underfull \hbox (badness 10000) in paragraph at lines 348--349

 []


Underfull \hbox (badness 10000) in paragraph at lines 376--377

 []

Package scrkbase Info: You've told me to use the font selection of the element
(scrkbase)             `pagehead' that is an alias of element `pageheadfoot'
(scrkbase)              on input line 377.
[15]
Underfull \hbox (badness 10000) in paragraph at lines 443--444

 []

Package scrkbase Info: You've told me to use the font selection of the element
(scrkbase)             `pagehead' that is an alias of element `pageheadfoot'
(scrkbase)              on input line 446.
[16]
Underfull \hbox (badness 10000) in paragraph at lines 497--498

 []

Package scrkbase Info: You've told me to use the font selection of the element
(scrkbase)             `pagehead' that is an alias of element `pageheadfoot'
(scrkbase)              on input line 506.
[17])
Package scrkbase Info: You've told me to use the font selection of the element
(scrkbase)             `pagehead' that is an alias of element `pageheadfoot'
(scrkbase)              on input line 50.
 [18] (chapters/chapter4_Application1.tex
chapter 4.

Overfull \hbox (10.88289pt too wide) in paragraph at lines 1--1
|\LY1/NexusProSans-lnum/b/n/36 4 \LY1/NexusProSans/b/n/36 Con-trol of Com-mon E
x-am-ples| 
 []

[19



]
Underfull \hbox (badness 10000) in paragraph at lines 95--96

 []


Underfull \hbox (badness 10000) in paragraph at lines 115--116

 []

Package scrkbase Info: You've told me to use the font selection of the element
(scrkbase)             `pagehead' that is an alias of element `pageheadfoot'
(scrkbase)              on input line 135.
[20]
Underfull \hbox (badness 10000) in paragraph at lines 162--163

 []


Underfull \hbox (badness 10000) in paragraph at lines 181--182

 []

Package scrkbase Info: You've told me to use the font selection of the element
(scrkbase)             `pagehead' that is an alias of element `pageheadfoot'
(scrkbase)              on input line 196.
[21]

LaTeX Warning: Reference `c:examples:e:Hmax*' on page 22 undefined on input lin
e 198.


LaTeX Warning: Reference `c:examples:e:Hmax*' on page 22 undefined on input lin
e 259.

Package scrkbase Info: You've told me to use the font selection of the element
(scrkbase)             `pagehead' that is an alias of element `pageheadfoot'
(scrkbase)              on input line 270.
[22]) (studentischeArbeiten.bbl
Package scrkbase Info: You've told me to use the font selection of the element
(scrkbase)             `pagehead' that is an alias of element `pageheadfoot'
(scrkbase)              on input line 1.
 [23]
chapter without number
LaTeX Font Info:    Try loading font information for LY1+txtt on input line 15.

("C:\Latex\MiKTeX 2.9\tex\latex\txfonts\ly1txtt.fd"
File: tytxtt.fd 2000/12/15 v3.1
)
Underfull \hbox (badness 2772) in paragraph at lines 78--84
[]\LY1/NexusProSerif/m/sc/10.95 Zhou\LY1/NexusProSerif/m/n/10.95 , K. ; \LY1/Ne
xusProSerif/m/sc/10.95 Doyle\LY1/NexusProSerif/m/n/10.95 , J. C. ; \LY1/NexusPr
oSerif/m/sc/10.95 Glover\LY1/NexusProSerif/m/n/10.95 , K. K.:  \LY1/NexusProSer
if/m/it/10.95 Ro-bust and op-ti-mal con-trol\LY1/NexusProSerif/m/n/10.95 .  Pre
ntice-
 []


Underfull \hbox (badness 5878) in paragraph at lines 78--84
\LY1/NexusProSerif/m/n/10.95 Hall [][]$\LY1/txtt/m/n/10.95 https : / / b o o k 
s . g o o g l e . d e / b o o k s / a b o u t / R o b u st _ a n d _ Opt i m a 
l _ C o nt r o l .ht m l ? i d = R
 []

) [24


] (chapters/Anhang.tex) [25


]
TextBlockOrigin set to \tubsborderwidth +\tubspage@bcor  x \tubssenderheight 
\tubs@restore@parskip=\dimen178
\tubs@restore@parindent=\dimen179
\temp@=\dimen180
\temp@b=\dimen181
TextBlockOrigin set to \tubsborderwidth +\tubspage@bcor  x \tubssenderheight 
\tubs@restore@parskip=\dimen182
\tubs@restore@parindent=\dimen183
\temp@=\dimen184
\temp@b=\dimen185
TextBlockOrigin set to \tubsborderwidth +\tubspage@bcor  x \tubssenderheight 
\tubs@restore@parskip=\dimen186
\tubs@restore@parindent=\dimen187
\temp@=\dimen188
\temp@b=\dimen189
[26


]
Package atveryend Info: Empty hook `BeforeClearDocument' on input line 65.
Package atveryend Info: Empty hook `AfterLastShipout' on input line 65.
 (studentischeArbeiten.aux (chapters/chapter1_introduction.aux)
(chapters/chapter2_thermodynamics.aux) (chapters/chapter3_control.aux))
Package atveryend Info: Executing hook `AtVeryEndDocument' on input line 65.
Package atveryend Info: Executing hook `AtEndAfterFileList' on input line 65.
Package rerunfilecheck Info: File `studentischeArbeiten.out' has not changed.
(rerunfilecheck)             Checksum: 75F861F77EFA302606B26D09CC2550E0;1502.


LaTeX Warning: There were undefined references.


LaTeX Warning: There were multiply-defined labels.

 ) 
Here is how much of TeX's memory you used:
 15766 strings out of 493328
 253803 string characters out of 3142572
 458367 words of memory out of 3000000
 18762 multiletter control sequences out of 15000+200000
 317684 words of font info for 367 fonts, out of 3000000 for 9000
 1141 hyphenation exceptions out of 8191
 68i,24n,118p,8897b,639s stack positions out of 5000i,500n,10000p,200000b,50000s
{C:/Latex/TUBS/fonts/enc/dvips/Fontshop/a_molob5.enc}{C:/Latex/MiKTeX 2.9/fon
ts/enc/dvips/base/8r.enc}{C:/Latex/TUBS/fonts/enc/dvips/Fontshop/a_6g6b3j.enc}{
C:/Latex/TUBS/fonts/enc/dvips/Fontshop/a_4o7za6.enc}{C:/Latex/TUBS/fonts/enc/dv
ips/Fontshop/a_3cgipr.enc}{C:/Latex/TUBS/fonts/enc/dvips/Fontshop/a_cbf6z5.enc}
<C:/Latex/TUBS/fonts/type1/Nexus/NexusSansPro-Bold.pfb><C:/Latex/TUBS/fonts/typ
e1/Nexus/NexusSansPro-Regular.pfb><C:/Latex/TUBS/fonts/type1/Nexus/NexusSerifPr
o-Bold.pfb><C:/Latex/TUBS/fonts/type1/Nexus/NexusSerifPro-Italic.pfb><C:/Latex/
TUBS/fonts/type1/Nexus/NexusSerifPro-Regular.pfb><C:/Latex/MiKTeX 2.9/fonts/typ
e1/public/amsfonts/cm/cmbsy10.pfb><C:/Latex/MiKTeX 2.9/fonts/type1/public/amsfo
nts/cm/cmex10.pfb><C:/Latex/MiKTeX 2.9/fonts/type1/public/amsfonts/cm/cmmi10.pf
b><C:/Latex/MiKTeX 2.9/fonts/type1/public/amsfonts/cm/cmr10.pfb><C:/Latex/MiKTe
X 2.9/fonts/type1/public/amsfonts/cm/cmsy10.pfb><C:/Latex/MiKTeX 2.9/fonts/type
1/public/mathpazo/fplmb.pfb><C:/Latex/MiKTeX 2.9/fonts/type1/public/mathpazo/fp
lmbb.pfb><C:/Latex/MiKTeX 2.9/fonts/type1/public/mathpazo/fplmbi.pfb><C:/Latex/
MiKTeX 2.9/fonts/type1/public/mathpazo/fplmr.pfb><C:/Latex/MiKTeX 2.9/fonts/typ
e1/public/mathpazo/fplmri.pfb><C:/Latex/MiKTeX 2.9/fonts/type1/public/txfonts/t
1xtt.pfb><C:/Latex/MiKTeX 2.9/fonts/type1/urw/palatino/uplb8a.pfb><C:/Latex/MiK
TeX 2.9/fonts/type1/urw/palatino/uplbi8a.pfb><C:/Latex/MiKTeX 2.9/fonts/type1/u
rw/palatino/uplr8a.pfb><C:/Latex/MiKTeX 2.9/fonts/type1/urw/palatino/uplri8a.pf
b>
Output written on studentischeArbeiten.pdf (30 pages, 1311619 bytes).
PDF statistics:
 581 PDF objects out of 1000 (max. 8388607)
 130 named destinations out of 1000 (max. 500000)
 253 words of extra memory for PDF output out of 10000 (max. 10000000)

